<?xml version="1.0" encoding="UTF-8" ?>
<testsuite tests="22" failures="0" name="explab.analisador.AnalisadorSintaticoTest" time="0.067" errors="0" skipped="0">
  <properties>
[...]
</properties>
  <testcase classname="explab.analisador.AnalisadorSintaticoTest" name="analisaChamadaFuncTest" time="0.002"/>
  <testcase classname="explab.analisador.AnalisadorSintaticoTest" name="analisaMatrizTest" time="0.009"/>
  <testcase classname="explab.analisador.AnalisadorSintaticoTest" name="analisaFacaEnquantoTest" time="0"/>
  <testcase classname="explab.analisador.AnalisadorSintaticoTest" name="analisaStringTest" time="0"/>
  <testcase classname="explab.analisador.AnalisadorSintaticoTest" name="analisaInstrucaoTest" time="0.001"/>
  <testcase classname="explab.analisador.AnalisadorSintaticoTest" name="analisaTenteCaptureTest" time="0"/>
  <testcase classname="explab.analisador.AnalisadorSintaticoTest" name="analisaBoolExpTest" time="0.001"/>
  <testcase classname="explab.analisador.AnalisadorSintaticoTest" name="analisaCasoTest" time="0.014"/>
  <testcase classname="explab.analisador.AnalisadorSintaticoTest" name="analisaIncDecTest" time="0.002"/>
  <testcase classname="explab.analisador.AnalisadorSintaticoTest" name="analisaLeituraVarTest" time="0.005"/>
  <testcase classname="explab.analisador.AnalisadorSintaticoTest" name="analisaNovoObjTest" time="0.001"/>
  <testcase classname="explab.analisador.AnalisadorSintaticoTest" name="analisaParaTest" time="0.001"/>
  <testcase classname="explab.analisador.AnalisadorSintaticoTest" name="analisaStringExpTest" time="0.005"/>
  <testcase classname="explab.analisador.AnalisadorSintaticoTest" name="analisaNumExpTest" time="0"/>
  <testcase classname="explab.analisador.AnalisadorSintaticoTest" name="analisaVetN1IncN2Test" time="0"/>
  <testcase classname="explab.analisador.AnalisadorSintaticoTest" name="analisaNumRealTest" time="0.001"/>
  <testcase classname="explab.analisador.AnalisadorSintaticoTest" name="analisaSeTest" time="0.002"/>
  <testcase classname="explab.analisador.AnalisadorSintaticoTest" name="analisaCMDsTest" time="0.007"/>
  <testcase classname="explab.analisador.AnalisadorSintaticoTest" name="analisaEnquantoTest" time="0.002"/>
  <testcase classname="explab.analisador.AnalisadorSintaticoTest" name="analisaVarEntreParentesesTest" time="0.001"/>
  <testcase classname="explab.analisador.AnalisadorSintaticoTest" name="analisaMatrizRealTest" time="0.002"/>
  <testcase classname="explab.analisador.AnalisadorSintaticoTest" name="analisaVarTest" time="0.011"/>
</testsuite>